<?xml version="1.0" encoding="UTF-8"?>
<!-- Generated by org.testng.reporters.JUnitReportReporter -->
<testsuite hostname="DESKTOP-RBRO6UP" failures="0" tests="2" name="hybrid.demo1" time="83.814" errors="0" timestamp="2022-04-26T02:42:20 IST" skipped="1">
  <testcase classname="hybrid.demo1" name="testcase1" time="83.814"/>
  <system-out/>
  <testcase classname="hybrid.demo1" name="testcase2">
    <skipped/>
  </testcase> <!-- testcase2 -->
  <system-out/>
</testsuite> <!-- hybrid.demo1 -->
