<?xml version="1.0" encoding="UTF-8"?>
<!-- Generated by org.testng.reporters.JUnitReportReporter -->
<testsuite hostname="DESKTOP-RBRO6UP" failures="0" tests="2" name="rest_testing.test_ng" time="0.014" errors="0" timestamp="20 Mar 2022 10:27:18 GMT">
  <testcase classname="rest_testing.test_ng" name="TestCase2" time="0.005"/>
  <testcase classname="rest_testing.test_ng" name="TestCase1" time="0.009"/>
</testsuite> <!-- rest_testing.test_ng -->
