<?xml version="1.0" encoding="UTF-8"?>
<!-- Generated by org.testng.reporters.JUnitReportReporter -->
<testsuite hostname="DESKTOP-RBRO6UP" failures="0" tests="3" name="rest_testing.rest_assured" time="5.389" errors="0" timestamp="15 Mar 2022 09:30:07 GMT">
  <testcase classname="rest_testing.rest_assured" name="getBoard" time="0.638"/>
  <testcase classname="rest_testing.rest_assured" name="DeleteBoard" time="0.783"/>
  <testcase classname="rest_testing.rest_assured" name="createBoard" time="3.968"/>
</testsuite> <!-- rest_testing.rest_assured -->
