<?xml version="1.0" encoding="UTF-8"?>
<!-- Generated by org.testng.reporters.JUnitReportReporter -->
<testsuite hostname="DESKTOP-RBRO6UP" failures="0" tests="2" name="rest_testing.prog_2$test_ng" time="0.010" errors="0" timestamp="15 Mar 2022 04:19:52 GMT">
  <testcase classname="rest_testing.prog_2$test_ng" name="TestCase2" time="0.003"/>
  <testcase classname="rest_testing.prog_2$test_ng" name="TestCase1" time="0.007"/>
</testsuite> <!-- rest_testing.prog_2$test_ng -->
