<?xml version="1.0" encoding="UTF-8"?>
<!-- Generated by org.testng.reporters.JUnitReportReporter -->
<testsuite hostname="DESKTOP-RBRO6UP" failures="0" tests="1" name="DDF.jxl" time="0.274" errors="0" timestamp="2022-04-05T15:06:48 IST" skipped="0">
  <testcase classname="DDF.jxl" name="testcase1" time="0.274"/>
  <system-out/>
</testsuite> <!-- DDF.jxl -->
