<?xml version="1.0" encoding="UTF-8"?>
<!-- Generated by org.testng.reporters.JUnitReportReporter -->
<testsuite hostname="DESKTOP-RBRO6UP" failures="0" tests="2" name="test_ng.groups" time="0.013" errors="0" timestamp="2022-04-05T04:02:28 IST" skipped="0">
  <testcase classname="test_ng.groups" name="testcase2" time="0.011"/>
  <system-out/>
  <testcase classname="test_ng.groups" name="testcase3" time="0.002"/>
  <system-out/>
</testsuite> <!-- test_ng.groups -->
