<?xml version="1.0" encoding="UTF-8"?>
<!-- Generated by org.testng.reporters.JUnitReportReporter -->
<testsuite hostname="DESKTOP-RBRO6UP" failures="0" tests="2" name="test_ng.NewTest" time="16.944" errors="0" timestamp="2022-04-05T03:39:32 IST" skipped="0">
  <testcase classname="test_ng.NewTest" name="f" time="10.617"/>
  <system-out/>
  <testcase classname="test_ng.NewTest" name="f" time="6.327"/>
  <system-out/>
</testsuite> <!-- test_ng.NewTest -->
