<?xml version="1.0" encoding="UTF-8"?>
<!-- Generated by org.testng.reporters.JUnitReportReporter -->
<testsuite hostname="DESKTOP-RBRO6UP" failures="0" tests="1" name="DDF.using_of_condition_in_dd" time="76.833" errors="0" timestamp="2022-04-06T13:02:45 IST" skipped="0">
  <testcase classname="DDF.using_of_condition_in_dd" name="testcase1" time="76.833"/>
  <system-out/>
</testsuite> <!-- DDF.using_of_condition_in_dd -->
