<?xml version="1.0" encoding="UTF-8"?>
<!-- Generated by org.testng.reporters.JUnitReportReporter -->
<testsuite hostname="DESKTOP-RBRO6UP" failures="0" tests="1" name="test_ng.demo_1" time="0.008" errors="0" timestamp="2022-04-05T03:39:32 IST" skipped="0">
  <testcase classname="test_ng.demo_1" name="testcase1" time="0.008"/>
  <system-out/>
</testsuite> <!-- test_ng.demo_1 -->
