<?xml version="1.0" encoding="UTF-8"?>
<!-- Generated by org.testng.reporters.JUnitReportReporter -->
<testsuite hostname="DESKTOP-RBRO6UP" failures="0" tests="1" name="webdriver_new.class1" time="11.634" errors="0" timestamp="30 Apr 2022 14:09:57 GMT" skipped="0">
  <testcase classname="webdriver_new.class1" name="testcase1" time="11.634"/>
</testsuite> <!-- webdriver_new.class1 -->
