<?xml version="1.0" encoding="UTF-8"?>
<!-- Generated by org.testng.reporters.JUnitReportReporter -->
<testsuite hostname="DESKTOP-RBRO6UP" failures="0" tests="3" name="webdriver_new.playing_with_alerts" time="11.291" errors="0" timestamp="30 Apr 2022 14:52:51 GMT" skipped="2">
  <testcase classname="webdriver_new.playing_with_alerts" name="testcase3" time="11.291"/>
  <testcase classname="webdriver_new.playing_with_alerts" name="testcase1">
    <skipped/>
  </testcase> <!-- testcase1 -->
  <testcase classname="webdriver_new.playing_with_alerts" name="testcase2">
    <skipped/>
  </testcase> <!-- testcase2 -->
</testsuite> <!-- webdriver_new.playing_with_alerts -->
