<?xml version="1.0" encoding="UTF-8"?>
<!-- Generated by org.testng.reporters.JUnitReportReporter -->
<testsuite hostname="DESKTOP-RBRO6UP" failures="0" tests="1" name="cucumber2.test_runner" time="19.306" errors="0" timestamp="10 Apr 2022 18:51:23 GMT">
  <testcase classname="cucumber2.test_runner" name="runScenario" time="19.306"/>
</testsuite> <!-- cucumber2.test_runner -->
